c:\users\bigballon\videos\captures\ghost\src\ghostman\release\ghostman.pch
c:\users\bigballon\videos\captures\ghost\src\ghostman\release\vc140.pdb
c:\users\bigballon\videos\captures\ghost\src\ghostman\release\stdafx.obj
c:\users\bigballon\videos\captures\ghost\src\ghostman\release\ststatic.obj
c:\users\bigballon\videos\captures\ghost\src\ghostman\release\stepstatic.obj
c:\users\bigballon\videos\captures\ghost\src\ghostman\release\setstartstatic.obj
c:\users\bigballon\videos\captures\ghost\src\ghostman\release\setendstatic.obj
c:\users\bigballon\videos\captures\ghost\src\ghostman\release\mytext.obj
c:\users\bigballon\videos\captures\ghost\src\ghostman\release\mystatic.obj
c:\users\bigballon\videos\captures\ghost\src\ghostman\release\minstatic.obj
c:\users\bigballon\videos\captures\ghost\src\ghostman\release\initstatic.obj
c:\users\bigballon\videos\captures\ghost\src\ghostman\release\idastarstatic.obj
c:\users\bigballon\videos\captures\ghost\src\ghostman\release\ghostmandlg.obj
c:\users\bigballon\videos\captures\ghost\src\ghostman\release\ghostman.obj
c:\users\bigballon\videos\captures\ghost\src\ghostman\release\execstatic.obj
c:\users\bigballon\videos\captures\ghost\src\ghostman\release\dynamicstatic.obj
c:\users\bigballon\videos\captures\ghost\src\ghostman\release\dfsstatic.obj
c:\users\bigballon\videos\captures\ghost\src\ghostman\release\closestatic.obj
c:\users\bigballon\videos\captures\ghost\src\ghostman\release\bfsstatic.obj
c:\users\bigballon\videos\captures\ghost\src\ghostman\release\astarstatic.obj
c:\users\bigballon\videos\captures\ghost\src\ghostman\release\acostatic.obj
c:\users\bigballon\videos\captures\ghost\src\release\ghostman.exe
c:\users\bigballon\videos\captures\ghost\src\release\ghostman.ipdb
c:\users\bigballon\videos\captures\ghost\src\release\ghostman.iobj
c:\users\bigballon\videos\captures\ghost\src\release\ghostman.pdb
c:\users\bigballon\videos\captures\ghost\src\ghostman\release\ghostman.res
c:\users\bigballon\videos\captures\ghost\src\ghostman\release\ghostman.tlog\cl.command.1.tlog
c:\users\bigballon\videos\captures\ghost\src\ghostman\release\ghostman.tlog\cl.read.1.tlog
c:\users\bigballon\videos\captures\ghost\src\ghostman\release\ghostman.tlog\cl.write.1.tlog
c:\users\bigballon\videos\captures\ghost\src\ghostman\release\ghostman.tlog\link.command.1.tlog
c:\users\bigballon\videos\captures\ghost\src\ghostman\release\ghostman.tlog\link.read.1.tlog
c:\users\bigballon\videos\captures\ghost\src\ghostman\release\ghostman.tlog\link.write.1.tlog
c:\users\bigballon\videos\captures\ghost\src\ghostman\release\ghostman.tlog\rc.command.1.tlog
c:\users\bigballon\videos\captures\ghost\src\ghostman\release\ghostman.tlog\rc.read.1.tlog
c:\users\bigballon\videos\captures\ghost\src\ghostman\release\ghostman.tlog\rc.write.1.tlog
